This is pdfTeX, Version 3.141592653-2.6-1.40.25 (TeX Live 2023/nixos.org) (preloaded format=pdflatex 1980.1.1)  20 JUN 2024 19:07
entering extended mode
 \write18 enabled.
 %&-line parsing enabled.
**relatorio.tex
(./relatorio.tex
LaTeX2e <2023-11-01> patch level 1
L3 programming layer <2024-02-20>

(/nix/store/1xr37r4axwik8lpd7ywsw7lyy07lcqdj-texlive-combined-2023-texmfdist/te
x/latex/base/article.cls
Document Class: article 2023/05/17 v1.4n Standard LaTeX document class

(/nix/store/1xr37r4axwik8lpd7ywsw7lyy07lcqdj-texlive-combined-2023-texmfdist/te
x/latex/base/size12.clo
File: size12.clo 2023/05/17 v1.4n Standard LaTeX file (size option)
)
\c@part=\count188
\c@section=\count189
\c@subsection=\count190
\c@subsubsection=\count191
\c@paragraph=\count192
\c@subparagraph=\count193
\c@figure=\count194
\c@table=\count195
\abovecaptionskip=\skip48
\belowcaptionskip=\skip49
\bibindent=\dimen140
)
(/nix/store/1xr37r4axwik8lpd7ywsw7lyy07lcqdj-texlive-combined-2023-texmfdist/te
x/latex/booktabs/booktabs.sty
Package: booktabs 2020/01/12 v1.61803398 Publication quality tables
\heavyrulewidth=\dimen141
\lightrulewidth=\dimen142
\cmidrulewidth=\dimen143
\belowrulesep=\dimen144
\belowbottomsep=\dimen145
\aboverulesep=\dimen146
\abovetopsep=\dimen147
\cmidrulesep=\dimen148
\cmidrulekern=\dimen149
\defaultaddspace=\dimen150
\@cmidla=\count196
\@cmidlb=\count197
\@aboverulesep=\dimen151
\@belowrulesep=\dimen152
\@thisruleclass=\count198
\@lastruleclass=\count199
\@thisrulewidth=\dimen153
)
(/nix/store/1xr37r4axwik8lpd7ywsw7lyy07lcqdj-texlive-combined-2023-texmfdist/te
x/latex/xcolor/xcolor.sty
Package: xcolor 2023/11/15 v3.01 LaTeX color extensions (UK)

(/nix/store/1xr37r4axwik8lpd7ywsw7lyy07lcqdj-texlive-combined-2023-texmfdist/te
x/latex/graphics-cfg/color.cfg
File: color.cfg 2016/01/02 v1.6 sample color configuration
)
Package xcolor Info: Driver file: pdftex.def on input line 274.

(/nix/store/1xr37r4axwik8lpd7ywsw7lyy07lcqdj-texlive-combined-2023-texmfdist/te
x/latex/graphics-def/pdftex.def
File: pdftex.def 2022/09/22 v1.2b Graphics/color driver for pdftex
)
(/nix/store/1xr37r4axwik8lpd7ywsw7lyy07lcqdj-texlive-combined-2023-texmfdist/te
x/latex/graphics/mathcolor.ltx)
Package xcolor Info: Model `cmy' substituted by `cmy0' on input line 1350.
Package xcolor Info: Model `hsb' substituted by `rgb' on input line 1354.
Package xcolor Info: Model `RGB' extended on input line 1366.
Package xcolor Info: Model `HTML' substituted by `rgb' on input line 1368.
Package xcolor Info: Model `Hsb' substituted by `hsb' on input line 1369.
Package xcolor Info: Model `tHsb' substituted by `hsb' on input line 1370.
Package xcolor Info: Model `HSB' substituted by `hsb' on input line 1371.
Package xcolor Info: Model `Gray' substituted by `gray' on input line 1372.
Package xcolor Info: Model `wave' substituted by `hsb' on input line 1373.
)
(/nix/store/1xr37r4axwik8lpd7ywsw7lyy07lcqdj-texlive-combined-2023-texmfdist/te
x/latex/graphics/dvipsnam.def
File: dvipsnam.def 2016/06/17 v3.0m Driver-dependent file (DPC,SPQR)
)
(/nix/store/1xr37r4axwik8lpd7ywsw7lyy07lcqdj-texlive-combined-2023-texmfdist/te
x/latex/minted/minted.sty
Package: minted 2023/12/18 v2.9 Yet another Pygments shim for LaTeX

(/nix/store/1xr37r4axwik8lpd7ywsw7lyy07lcqdj-texlive-combined-2023-texmfdist/te
x/latex/graphics/keyval.sty
Package: keyval 2022/05/29 v1.15 key=value parser (DPC)
\KV@toks@=\toks17
)
(/nix/store/1xr37r4axwik8lpd7ywsw7lyy07lcqdj-texlive-combined-2023-texmfdist/te
x/latex/kvoptions/kvoptions.sty
Package: kvoptions 2022-06-15 v3.15 Key value format for package options (HO)

(/nix/store/1xr37r4axwik8lpd7ywsw7lyy07lcqdj-texlive-combined-2023-texmfdist/te
x/generic/ltxcmds/ltxcmds.sty
Package: ltxcmds 2023-12-04 v1.26 LaTeX kernel commands for general use (HO)
)
(/nix/store/1xr37r4axwik8lpd7ywsw7lyy07lcqdj-texlive-combined-2023-texmfdist/te
x/latex/kvsetkeys/kvsetkeys.sty
Package: kvsetkeys 2022-10-05 v1.19 Key value parser (HO)
))
(/nix/store/1xr37r4axwik8lpd7ywsw7lyy07lcqdj-texlive-combined-2023-texmfdist/te
x/latex/fvextra/fvextra.sty
Package: fvextra 2023/11/28 v1.6.1 fvextra - extensions and patches for fancyvr
b

(/nix/store/1xr37r4axwik8lpd7ywsw7lyy07lcqdj-texlive-combined-2023-texmfdist/te
x/latex/etoolbox/etoolbox.sty
Package: etoolbox 2020/10/05 v2.5k e-TeX tools for LaTeX (JAW)
\etb@tempcnta=\count266
)
(/nix/store/1xr37r4axwik8lpd7ywsw7lyy07lcqdj-texlive-combined-2023-texmfdist/te
x/latex/fancyvrb/fancyvrb.sty
Package: fancyvrb 2024/01/20 4.5c verbatim text (tvz,hv)
\FV@CodeLineNo=\count267
\FV@InFile=\read2
\FV@TabBox=\box51
\c@FancyVerbLine=\count268
\FV@StepNumber=\count269
\FV@OutFile=\write3
)
(/nix/store/1xr37r4axwik8lpd7ywsw7lyy07lcqdj-texlive-combined-2023-texmfdist/te
x/latex/upquote/upquote.sty
Package: upquote 2012/04/19 v1.3 upright-quote and grave-accent glyphs in verba
tim
)
(/nix/store/1xr37r4axwik8lpd7ywsw7lyy07lcqdj-texlive-combined-2023-texmfdist/te
x/latex/lineno/lineno.sty
Package: lineno 2023/05/20 line numbers on paragraphs v5.3
\linenopenalty=\count270
\output=\toks18
\linenoprevgraf=\count271
\linenumbersep=\dimen154
\linenumberwidth=\dimen155
\c@linenumber=\count272
\c@pagewiselinenumber=\count273
\c@LN@truepage=\count274
\c@internallinenumber=\count275
\c@internallinenumbers=\count276
\quotelinenumbersep=\dimen156
\bframerule=\dimen157
\bframesep=\dimen158
\bframebox=\box52
LaTeX Info: Redefining \\ on input line 3180.
)
\c@FancyVerbWriteLine=\count277
\c@FancyVerbBufferIndex=\count278
\c@FancyVerbBufferLength=\count279
\c@FancyVerbBufferLine=\count280
\c@FV@oldbufferlength=\count281
\c@FV@TrueTabGroupLevel=\count282
\c@FV@TrueTabCounter=\count283
\FV@TabBox@Group=\box53
\FV@TmpLength=\skip50
\c@FV@HighlightLinesStart=\count284
\c@FV@HighlightLinesStop=\count285
\FV@LoopCount=\count286
\FV@NCharsBox=\box54
\FV@BreakIndent=\dimen159
\FV@BreakIndentNChars=\count287
\FV@BreakSymbolSepLeft=\dimen160
\FV@BreakSymbolSepLeftNChars=\count288
\FV@BreakSymbolSepRight=\dimen161
\FV@BreakSymbolSepRightNChars=\count289
\FV@BreakSymbolIndentLeft=\dimen162
\FV@BreakSymbolIndentLeftNChars=\count290
\FV@BreakSymbolIndentRight=\dimen163
\FV@BreakSymbolIndentRightNChars=\count291
\c@FancyVerbLineBreakLast=\count292
\FV@LineBox=\box55
\FV@LineIndentBox=\box56
\c@FV@BreakBufferDepth=\count293
\FV@LineWidth=\dimen164
)
(/nix/store/1xr37r4axwik8lpd7ywsw7lyy07lcqdj-texlive-combined-2023-texmfdist/te
x/latex/base/ifthen.sty
Package: ifthen 2022/04/13 v1.1d Standard LaTeX ifthen package (DPC)
)
(/nix/store/1xr37r4axwik8lpd7ywsw7lyy07lcqdj-texlive-combined-2023-texmfdist/te
x/latex/tools/shellesc.sty
Package: shellesc 2023/07/08 v1.0d unified shell escape interface for LaTeX
Package shellesc Info: Unrestricted shell escape enabled on input line 75.
)
(/nix/store/1xr37r4axwik8lpd7ywsw7lyy07lcqdj-texlive-combined-2023-texmfdist/te
x/latex/ifplatform/ifplatform.sty
Package: ifplatform 2017/10/13 v0.4a Testing for the operating system

(/nix/store/1xr37r4axwik8lpd7ywsw7lyy07lcqdj-texlive-combined-2023-texmfdist/te
x/generic/pdftexcmds/pdftexcmds.sty
Package: pdftexcmds 2020-06-27 v0.33 Utility functions of pdfTeX for LuaTeX (HO
)

(/nix/store/1xr37r4axwik8lpd7ywsw7lyy07lcqdj-texlive-combined-2023-texmfdist/te
x/generic/infwarerr/infwarerr.sty
Package: infwarerr 2019/12/03 v1.5 Providing info/warning/error messages (HO)
)
(/nix/store/1xr37r4axwik8lpd7ywsw7lyy07lcqdj-texlive-combined-2023-texmfdist/te
x/generic/iftex/iftex.sty
Package: iftex 2022/02/03 v1.0f TeX engine tests
)
Package pdftexcmds Info: \pdf@primitive is available.
Package pdftexcmds Info: \pdf@ifprimitive is available.
Package pdftexcmds Info: \pdfdraftmode found.
)
(/nix/store/1xr37r4axwik8lpd7ywsw7lyy07lcqdj-texlive-combined-2023-texmfdist/te
x/generic/catchfile/catchfile.sty
Package: catchfile 2019/12/09 v1.8 Catch the contents of a file (HO)

(/nix/store/1xr37r4axwik8lpd7ywsw7lyy07lcqdj-texlive-combined-2023-texmfdist/te
x/generic/etexcmds/etexcmds.sty
Package: etexcmds 2019/12/15 v1.7 Avoid name clashes with e-TeX commands (HO)
))
(/nix/store/1xr37r4axwik8lpd7ywsw7lyy07lcqdj-texlive-combined-2023-texmfdist/te
x/generic/iftex/ifluatex.sty
Package: ifluatex 2019/10/25 v1.5 ifluatex legacy package. Use iftex instead.
)
runsystem(uname -s > "relatorio.w18")...executed.

 (./relatorio.w18)
runsystem(rm -- "relatorio.w18")...executed.

)
(/nix/store/1xr37r4axwik8lpd7ywsw7lyy07lcqdj-texlive-combined-2023-texmfdist/te
x/generic/xstring/xstring.sty
(/nix/store/1xr37r4axwik8lpd7ywsw7lyy07lcqdj-texlive-combined-2023-texmfdist/te
x/generic/xstring/xstring.tex
\xs_counta=\count294
\xs_countb=\count295
)
Package: xstring 2023/08/22 v1.86 String manipulations (CT)
)
(/nix/store/1xr37r4axwik8lpd7ywsw7lyy07lcqdj-texlive-combined-2023-texmfdist/te
x/latex/framed/framed.sty
Package: framed 2011/10/22 v 0.96: framed or shaded text with page breaks
\OuterFrameSep=\skip51
\fb@frw=\dimen165
\fb@frh=\dimen166
\FrameRule=\dimen167
\FrameSep=\dimen168
)
(/nix/store/1xr37r4axwik8lpd7ywsw7lyy07lcqdj-texlive-combined-2023-texmfdist/te
x/latex/float/float.sty
Package: float 2001/11/08 v1.3d Float enhancements (AL)
\c@float@type=\count296
\float@exts=\toks19
\float@box=\box57
\@float@everytoks=\toks20
\@floatcapt=\box58
)
\minted@appexistsfile=\read3
\minted@bgbox=\box59
\minted@code=\write4
\c@minted@FancyVerbLineTemp=\count297
\c@minted@pygmentizecounter=\count298
\@float@every@listing=\toks21
\c@listing=\count299
)
runsystem(mkdir -p _minted-relatorio)...executed.

 (./sbc-template.sty
Package: sbc-template 2001/06/09

(/nix/store/1xr37r4axwik8lpd7ywsw7lyy07lcqdj-texlive-combined-2023-texmfdist/te
x/latex/geometry/geometry.sty
Package: geometry 2020/01/02 v5.9 Page Geometry

(/nix/store/1xr37r4axwik8lpd7ywsw7lyy07lcqdj-texlive-combined-2023-texmfdist/te
x/generic/iftex/ifvtex.sty
Package: ifvtex 2019/10/25 v1.7 ifvtex legacy package. Use iftex instead.
)
\Gm@cnth=\count300
\Gm@cntv=\count301
\c@Gm@tempcnt=\count302
\Gm@bindingoffset=\dimen169
\Gm@wd@mp=\dimen170
\Gm@odd@mp=\dimen171
\Gm@even@mp=\dimen172
\Gm@layoutwidth=\dimen173
\Gm@layoutheight=\dimen174
\Gm@layouthoffset=\dimen175
\Gm@layoutvoffset=\dimen176
\Gm@dimlist=\toks22
)
(/nix/store/1xr37r4axwik8lpd7ywsw7lyy07lcqdj-texlive-combined-2023-texmfdist/te
x/latex/caption/caption.sty
Package: caption 2023/08/05 v3.6o Customizing captions (AR)

(/nix/store/1xr37r4axwik8lpd7ywsw7lyy07lcqdj-texlive-combined-2023-texmfdist/te
x/latex/caption/caption3.sty
Package: caption3 2023/07/31 v2.4d caption3 kernel (AR)
\caption@tempdima=\dimen177
\captionmargin=\dimen178
\caption@leftmargin=\dimen179
\caption@rightmargin=\dimen180
\caption@width=\dimen181
\caption@indent=\dimen182
\caption@parindent=\dimen183
\caption@hangindent=\dimen184
Package caption Info: Standard document class detected.
)
\c@caption@flags=\count303
\c@continuedfloat=\count304
Package caption Info: float package is loaded.
)
(/nix/store/1xr37r4axwik8lpd7ywsw7lyy07lcqdj-texlive-combined-2023-texmfdist/te
x/latex/psnfss/times.sty
Package: times 2020/03/25 PSNFSS-v9.3 (SPQR) 
)
\c@instn=\count305

(/nix/store/1xr37r4axwik8lpd7ywsw7lyy07lcqdj-texlive-combined-2023-texmfdist/te
x/latex/titlesec/titlesec.sty
Package: titlesec 2023/10/27 v2.16 Sectioning titles
\ttl@box=\box60
\beforetitleunit=\skip52
\aftertitleunit=\skip53
\ttl@plus=\dimen185
\ttl@minus=\dimen186
\ttl@toksa=\toks23
\titlewidth=\dimen187
\titlewidthlast=\dimen188
\titlewidthfirst=\dimen189
))
(/nix/store/1xr37r4axwik8lpd7ywsw7lyy07lcqdj-texlive-combined-2023-texmfdist/te
x/latex/graphics/graphicx.sty
Package: graphicx 2021/09/16 v1.2d Enhanced LaTeX Graphics (DPC,SPQR)

(/nix/store/1xr37r4axwik8lpd7ywsw7lyy07lcqdj-texlive-combined-2023-texmfdist/te
x/latex/graphics/graphics.sty
Package: graphics 2022/03/10 v1.4e Standard LaTeX Graphics (DPC,SPQR)

(/nix/store/1xr37r4axwik8lpd7ywsw7lyy07lcqdj-texlive-combined-2023-texmfdist/te
x/latex/graphics/trig.sty
Package: trig 2021/08/11 v1.11 sin cos tan (DPC)
)
(/nix/store/1xr37r4axwik8lpd7ywsw7lyy07lcqdj-texlive-combined-2023-texmfdist/te
x/latex/graphics-cfg/graphics.cfg
File: graphics.cfg 2016/06/04 v1.11 sample graphics configuration
)
Package graphics Info: Driver file: pdftex.def on input line 107.
)
\Gin@req@height=\dimen190
\Gin@req@width=\dimen191
)
(/nix/store/1xr37r4axwik8lpd7ywsw7lyy07lcqdj-texlive-combined-2023-texmfdist/te
x/latex/url/url.sty
\Urlmuskip=\muskip16
Package: url 2013/09/16  ver 3.4  Verb mode for urls, etc.
)
(/nix/store/1xr37r4axwik8lpd7ywsw7lyy07lcqdj-texlive-combined-2023-texmfdist/te
x/latex/base/inputenc.sty
Package: inputenc 2021/02/14 v1.3d Input encoding file
\inpenc@prehook=\toks24
\inpenc@posthook=\toks25
)
(/nix/store/1xr37r4axwik8lpd7ywsw7lyy07lcqdj-texlive-combined-2023-texmfdist/te
x/generic/babel/babel.sty
Package: babel 2024/02/07 v24.2 The Babel package
\babel@savecnt=\count306
\U@D=\dimen192
\l@unhyphenated=\language50

(/nix/store/1xr37r4axwik8lpd7ywsw7lyy07lcqdj-texlive-combined-2023-texmfdist/te
x/generic/babel/txtbabel.def)
\bbl@readstream=\read4
\bbl@dirlevel=\count307

(/nix/store/1xr37r4axwik8lpd7ywsw7lyy07lcqdj-texlive-combined-2023-texmfdist/te
x/generic/babel-portuges/portuguese.ldf
Language: portuges 2021/07/09 v1.2t Portuguese support from the babel system
Package babel Info: Making " an active character on input line 143.
))
(/nix/store/1xr37r4axwik8lpd7ywsw7lyy07lcqdj-texlive-combined-2023-texmfdist/te
x/generic/babel/locale/pt/babel-portuguese.tex
Package babel Info: Importing font and identification data for portuguese
(babel)             from babel-pt.ini. Reported on input line 11.
)
(/nix/store/1xr37r4axwik8lpd7ywsw7lyy07lcqdj-texlive-combined-2023-texmfdist/te
x/latex/base/textcomp.sty
Package: textcomp 2020/02/02 v2.0n Standard LaTeX package
)
runsystem(command -v pygmentize && touch relatorio.aex)...executed.

runsystem(rm relatorio.aex)...executed.

LaTeX Font Info:    Trying to load font information for OT1+ptm on input line 2
2.

(/nix/store/1xr37r4axwik8lpd7ywsw7lyy07lcqdj-texlive-combined-2023-texmfdist/te
x/latex/psnfss/ot1ptm.fd
File: ot1ptm.fd 2001/06/04 font definitions for OT1/ptm.
)
(/nix/store/1xr37r4axwik8lpd7ywsw7lyy07lcqdj-texlive-combined-2023-texmfdist/te
x/latex/l3backend/l3backend-pdftex.def
File: l3backend-pdftex.def 2024-02-20 L3 backend support: PDF output (pdfTeX)
\l__color_backend_stack_int=\count308
\l__pdf_internal_box=\box61
) (./relatorio.aux)
\openout1 = `relatorio.aux'.

LaTeX Font Info:    Checking defaults for OML/cmm/m/it on input line 22.
LaTeX Font Info:    ... okay on input line 22.
LaTeX Font Info:    Checking defaults for OMS/cmsy/m/n on input line 22.
LaTeX Font Info:    ... okay on input line 22.
LaTeX Font Info:    Checking defaults for OT1/cmr/m/n on input line 22.
LaTeX Font Info:    ... okay on input line 22.
LaTeX Font Info:    Checking defaults for T1/cmr/m/n on input line 22.
LaTeX Font Info:    ... okay on input line 22.
LaTeX Font Info:    Checking defaults for TS1/cmr/m/n on input line 22.
LaTeX Font Info:    ... okay on input line 22.
LaTeX Font Info:    Checking defaults for OMX/cmex/m/n on input line 22.
LaTeX Font Info:    ... okay on input line 22.
LaTeX Font Info:    Checking defaults for U/cmr/m/n on input line 22.
LaTeX Font Info:    ... okay on input line 22.

(/nix/store/1xr37r4axwik8lpd7ywsw7lyy07lcqdj-texlive-combined-2023-texmfdist/te
x/context/base/mkii/supp-pdf.mkii
[Loading MPS to PDF converter (version 2006.09.02).]
\scratchcounter=\count309
\scratchdimen=\dimen193
\scratchbox=\box62
\nofMPsegments=\count310
\nofMParguments=\count311
\everyMPshowfont=\toks26
\MPscratchCnt=\count312
\MPscratchDim=\dimen194
\MPnumerator=\count313
\makeMPintoPDFobject=\count314
\everyMPtoPDFconversion=\toks27
)
(/nix/store/1xr37r4axwik8lpd7ywsw7lyy07lcqdj-texlive-combined-2023-texmfdist/te
x/latex/epstopdf-pkg/epstopdf-base.sty
Package: epstopdf-base 2020-01-24 v2.11 Base part for package epstopdf
Package epstopdf-base Info: Redefining graphics rule for `.eps' on input line 4
85.

(/nix/store/1xr37r4axwik8lpd7ywsw7lyy07lcqdj-texlive-combined-2023-texmfdist/te
x/latex/latexconfig/epstopdf-sys.cfg
File: epstopdf-sys.cfg 2010/07/13 v1.3 Configuration of (r)epstopdf for TeX Liv
e
))
*geometry* driver: auto-detecting
*geometry* detected driver: pdftex
*geometry* verbose mode - [ preamble ] result:
* driver: pdftex
* paper: a4paper
* layout: <same size as paper>
* layoutoffset:(h,v)=(0.0pt,0.0pt)
* modes: 
* h-part:(L,W,R)=(85.35826pt, 426.79135pt, 85.35826pt)
* v-part:(T,H,B)=(99.58464pt, 674.33032pt, 71.13188pt)
* \paperwidth=597.50787pt
* \paperheight=845.04684pt
* \textwidth=426.79135pt
* \textheight=674.33032pt
* \oddsidemargin=13.08827pt
* \evensidemargin=13.08827pt
* \topmargin=-9.68535pt
* \headheight=12.0pt
* \headsep=25.0pt
* \topskip=12.0pt
* \footskip=30.0pt
* \marginparwidth=44.0pt
* \marginparsep=10.0pt
* \columnsep=10.0pt
* \skip\footins=10.8pt plus 4.0pt minus 2.0pt
* \hoffset=0.0pt
* \voffset=0.0pt
* \mag=1000
* \@twocolumnfalse
* \@twosidefalse
* \@mparswitchfalse
* \@reversemarginfalse
* (1in=72.27pt=25.4mm, 1cm=28.453pt)

Package caption Info: Begin \AtBeginDocument code.
Package caption Info: End \AtBeginDocument code.
LaTeX Font Info:    External font `cmex10' loaded for size
(Font)              <12> on input line 24.
LaTeX Font Info:    External font `cmex10' loaded for size
(Font)              <8> on input line 24.
LaTeX Font Info:    External font `cmex10' loaded for size
(Font)              <6> on input line 24.

Overfull \hbox (22.23303pt too wide) in paragraph at lines 24--24
 [][] 
 []

LaTeX Font Info:    Trying to load font information for OT1+pcr on input line 2
7.

(/nix/store/1xr37r4axwik8lpd7ywsw7lyy07lcqdj-texlive-combined-2023-texmfdist/te
x/latex/psnfss/ot1pcr.fd
File: ot1pcr.fd 2001/06/04 font definitions for OT1/pcr.
)
LaTeX Font Info:    Font shape `OT1/pcr/m/it' in size <12> not available
(Font)              Font shape `OT1/pcr/m/sl' tried instead on input line 27.
 [1

{/nix/store/9xnzbbzwivzh5i87i8xdj38h674771dz-texlive-combined-2023/share/texmf-
var/fonts/map/pdftex/updmap/pdftex.map}{/nix/store/1xr37r4axwik8lpd7ywsw7lyy07l
cqdj-texlive-combined-2023-texmfdist/fonts/enc/dvips/base/8r.enc}]
LaTeX Font Info:    Trying to load font information for TS1+ptm on input line 6
4.

(/nix/store/1xr37r4axwik8lpd7ywsw7lyy07lcqdj-texlive-combined-2023-texmfdist/te
x/latex/psnfss/ts1ptm.fd
File: ts1ptm.fd 2001/06/04 font definitions for TS1/ptm.
) [2] [3]
\openout3 = `relatorio.pyg'.

 (./_minted-relatorio/default.pygstyle)
(./_minted-relatorio/ADC80A5EC2886267EE80C46E43D60F1A62560D4D9BBEF80ADC494270FF
AB1BF4.pygtex [4]
LaTeX Font Info:    Trying to load font information for TS1+pcr on input line 2
.

(/nix/store/1xr37r4axwik8lpd7ywsw7lyy07lcqdj-texlive-combined-2023-texmfdist/te
x/latex/psnfss/ts1pcr.fd
File: ts1pcr.fd 2001/06/04 font definitions for TS1/pcr.
)
LaTeX Font Info:    External font `cmex10' loaded for size
(Font)              <5> on input line 2.
) [5]
<./correlacoes.png, id=34, 1011.78pt x 433.62pt>
File: ./correlacoes.png Graphic file (type png)
<use ./correlacoes.png>
Package pdftex.def Info: ./correlacoes.png  used on input line 176.
(pdftex.def)             Requested size: 426.79135pt x 182.91313pt.

Underfull \vbox (badness 10000) has occurred while \output is active []

 [6]
<./information.png, id=39, 460.3599pt x 298.4751pt>
File: ./information.png Graphic file (type png)
<use ./information.png>
Package pdftex.def Info: ./information.png  used on input line 182.
(pdftex.def)             Requested size: 256.07741pt x 166.02908pt.

Underfull \vbox (badness 10000) has occurred while \output is active []

 [7 <./correlacoes.png> <./information.png>]
LaTeX Font Info:    Trying to load font information for OT1+phv on input line 1
95.

(/nix/store/1xr37r4axwik8lpd7ywsw7lyy07lcqdj-texlive-combined-2023-texmfdist/te
x/latex/psnfss/ot1phv.fd
File: ot1phv.fd 2020/03/25 scalable font definitions for OT1/phv.
)
LaTeX Font Info:    Font shape `OT1/phv/b/it' in size <10> not available
(Font)              Font shape `OT1/phv/b/sl' tried instead on input line 195.
 [8]
Underfull \hbox (badness 1642) in paragraph at lines 247--248
[]\OT1/ptm/m/n/12 Este re-sul-tado []e con-di-zente com as ta-xas ob-ti-das nos
 es-tu-dos fei-tos por
 []

(./relatorio.bbl
Underfull \hbox (badness 10000) in paragraph at lines 4--9
[]\OT1/ptm/m/n/12 Cardone, M. (2023).  Cs:go - was as-tra-lis che-a-ting all al
ong?
 []


Underfull \hbox (badness 10000) in paragraph at lines 4--9
\OT1/ptm/m/n/12 https://www.kaggle.com/code/maurocardone/cs-go-was-astralis-che
ating-all-along.
 []

[9]
Underfull \hbox (badness 1122) in paragraph at lines 11--15
[]\OT1/ptm/m/n/12 Clint (2020).  Glicko2 pre-dic-tion.  https://www.kaggle.com/
code/clintoris/glicko2-
 []


Underfull \hbox (badness 10000) in paragraph at lines 17--22
[]\OT1/ptm/m/n/12 Machado, M. D. (2020).  Cs:go pro-fes-si-o-nal mat-ches.
 []


Underfull \hbox (badness 10000) in paragraph at lines 17--22
\OT1/ptm/m/n/12 https://www.kaggle.com/datasets/mateusdmachado/csgo-professiona
l-matches.
 []


Underfull \hbox (badness 10000) in paragraph at lines 24--28
[]\OT1/ptm/m/n/12 Nababkin, D. (2020).  Cs:go navi win/loss pre-dic-ting.
 []


Underfull \hbox (badness 2617) in paragraph at lines 24--28
\OT1/ptm/m/n/12 https://www.kaggle.com/code/ravehorn/cs-go-navi-win-loss-predic
ting.  Ac-ces-sed:
 []


Underfull \hbox (badness 10000) in paragraph at lines 30--35
[]\OT1/ptm/m/n/12 octosport.io (2022).  Ra-ting and pre-dic-ting (e)sports with
 jax.
 []


Underfull \hbox (badness 10000) in paragraph at lines 30--35
\OT1/ptm/m/n/12 https://www.kaggle.com/code/octosportio/rating-and-predicting-e
-sports-with-jax.
 []

) [10] (./relatorio.aux)
 ***********
LaTeX2e <2023-11-01> patch level 1
L3 programming layer <2024-02-20>
 ***********
runsystem(rm relatorio.pyg)...executed.

 ) 
Here is how much of TeX's memory you used:
 9526 strings out of 475230
 183361 string characters out of 5751327
 1942187 words of memory out of 5000000
 31548 multiletter control sequences out of 15000+600000
 581827 words of font info for 80 fonts, out of 8000000 for 9000
 430 hyphenation exceptions out of 8191
 77i,10n,79p,943b,655s stack positions out of 10000i,1000n,20000p,200000b,200000s
</nix/store/1xr37r4axwik8lpd7ywsw7lyy07lcqdj-texlive-combined-2023-texmfdist/
fonts/type1/public/amsfonts/cm/cmex10.pfb></nix/store/1xr37r4axwik8lpd7ywsw7lyy
07lcqdj-texlive-combined-2023-texmfdist/fonts/type1/public/amsfonts/cm/cmmi12.p
fb></nix/store/1xr37r4axwik8lpd7ywsw7lyy07lcqdj-texlive-combined-2023-texmfdist
/fonts/type1/public/amsfonts/cm/cmmi6.pfb></nix/store/1xr37r4axwik8lpd7ywsw7lyy
07lcqdj-texlive-combined-2023-texmfdist/fonts/type1/public/amsfonts/cm/cmmi8.pf
b></nix/store/1xr37r4axwik8lpd7ywsw7lyy07lcqdj-texlive-combined-2023-texmfdist/
fonts/type1/public/amsfonts/cm/cmr12.pfb></nix/store/1xr37r4axwik8lpd7ywsw7lyy0
7lcqdj-texlive-combined-2023-texmfdist/fonts/type1/public/amsfonts/cm/cmr8.pfb>
</nix/store/1xr37r4axwik8lpd7ywsw7lyy07lcqdj-texlive-combined-2023-texmfdist/fo
nts/type1/public/amsfonts/cm/cmsy10.pfb></nix/store/1xr37r4axwik8lpd7ywsw7lyy07
lcqdj-texlive-combined-2023-texmfdist/fonts/type1/public/amsfonts/cm/cmsy6.pfb>
</nix/store/1xr37r4axwik8lpd7ywsw7lyy07lcqdj-texlive-combined-2023-texmfdist/fo
nts/type1/public/amsfonts/cm/cmsy8.pfb></nix/store/1xr37r4axwik8lpd7ywsw7lyy07l
cqdj-texlive-combined-2023-texmfdist/fonts/type1/urw/courier/ucrb8a.pfb></nix/s
tore/1xr37r4axwik8lpd7ywsw7lyy07lcqdj-texlive-combined-2023-texmfdist/fonts/typ
e1/urw/courier/ucrr8a.pfb></nix/store/1xr37r4axwik8lpd7ywsw7lyy07lcqdj-texlive-
combined-2023-texmfdist/fonts/type1/urw/courier/ucrro8a.pfb></nix/store/1xr37r4
axwik8lpd7ywsw7lyy07lcqdj-texlive-combined-2023-texmfdist/fonts/type1/urw/helve
tic/uhvb8a.pfb></nix/store/1xr37r4axwik8lpd7ywsw7lyy07lcqdj-texlive-combined-20
23-texmfdist/fonts/type1/urw/helvetic/uhvbo8a.pfb></nix/store/1xr37r4axwik8lpd7
ywsw7lyy07lcqdj-texlive-combined-2023-texmfdist/fonts/type1/urw/times/utmb8a.pf
b></nix/store/1xr37r4axwik8lpd7ywsw7lyy07lcqdj-texlive-combined-2023-texmfdist/
fonts/type1/urw/times/utmbi8a.pfb></nix/store/1xr37r4axwik8lpd7ywsw7lyy07lcqdj-
texlive-combined-2023-texmfdist/fonts/type1/urw/times/utmr8a.pfb></nix/store/1x
r37r4axwik8lpd7ywsw7lyy07lcqdj-texlive-combined-2023-texmfdist/fonts/type1/urw/
times/utmri8a.pfb>
Output written on relatorio.pdf (10 pages, 329110 bytes).
PDF statistics:
 133 PDF objects out of 1000 (max. 8388607)
 80 compressed objects within 1 object stream
 0 named destinations out of 1000 (max. 500000)
 11 words of extra memory for PDF output out of 10000 (max. 10000000)

